<?xml version="1.0" encoding="UTF-8"?>
<testng-results skipped="0" failed="0" total="1" passed="1">
  <reporter-output>
  </reporter-output>
  <suite name="Default suite" duration-ms="280539" started-at="2022-04-11T10:17:42Z" finished-at="2022-04-11T10:22:23Z">
    <groups>
    </groups>
    <test name="Default test" duration-ms="280539" started-at="2022-04-11T10:17:42Z" finished-at="2022-04-11T10:22:23Z">
      <class name="frames.MultipleFrames">
        <test-method status="PASS" signature="FramesDemo()[pri:0, instance:frames.MultipleFrames@64c64813]" name="FramesDemo" duration-ms="280514" started-at="2022-04-11T15:47:42Z" finished-at="2022-04-11T15:52:23Z">
          <reporter-output>
          </reporter-output>
        </test-method> <!-- FramesDemo -->
      </class> <!-- frames.MultipleFrames -->
    </test> <!-- Default test -->
  </suite> <!-- Default suite -->
</testng-results>
